<?xml version="1.0" encoding="UTF-8"?>
<!-- Generated by org.testng.reporters.JUnitXMLReporter -->
<testsuite ignored="0" hostname="MMKTECHPC-363" failures="0" tests="3" name="Test2" time="0.018" errors="0" timestamp="2025-02-28T18:30:25 IST">
  <testcase classname="TESTNG2annotationspackageforunderstanding.c2" name="def" time="0.002"/>
  <testcase classname="TESTNG2annotationspackageforunderstanding.c1" name="abc" time="0.002"/>
  <testcase classname="TESTNG2annotationspackageforunderstanding.c3" name="fgh" time="0.003"/>
</testsuite> <!-- Test2 -->
