<?xml version="1.0" encoding="UTF-8"?>
<testng-results ignored="0" total="2" passed="2" failed="0" skipped="0">
  <reporter-output>
  </reporter-output>
  <suite started-at="2025-02-28T18:38:19 IST" name="All Test Suite" finished-at="2025-02-28T18:38:20 IST" duration-ms="218">
    <groups>
    </groups>
    <test started-at="2025-02-28T18:38:19 IST" name="C:/Users/MMK-USER/IdeaProjects/SeleniumOnes/src/test/java/TESTNG2annotationspackageforunderstanding/Allannotationsheirarchy.java" finished-at="2025-02-28T18:38:20 IST" duration-ms="218">
      <class name="TESTNG2annotationspackageforunderstanding.Allannotationsheirarchy">
        <test-method is-config="true" signature="bs()[pri:0, instance:TESTNG2annotationspackageforunderstanding.Allannotationsheirarchy@6c1a5b54]" started-at="2025-02-28T18:38:19 IST" name="bs" finished-at="2025-02-28T18:38:19 IST" duration-ms="20" status="PASS">
          <reporter-output>
          </reporter-output>
        </test-method> <!-- bs -->
        <test-method is-config="true" signature="Bt()[pri:0, instance:TESTNG2annotationspackageforunderstanding.Allannotationsheirarchy@6c1a5b54]" started-at="2025-02-28T18:38:19 IST" name="Bt" finished-at="2025-02-28T18:38:19 IST" duration-ms="1" status="PASS">
          <reporter-output>
          </reporter-output>
        </test-method> <!-- Bt -->
        <test-method is-config="true" signature="bc()[pri:0, instance:TESTNG2annotationspackageforunderstanding.Allannotationsheirarchy@6c1a5b54]" started-at="2025-02-28T18:38:19 IST" name="bc" finished-at="2025-02-28T18:38:19 IST" duration-ms="1" status="PASS">
          <reporter-output>
          </reporter-output>
        </test-method> <!-- bc -->
        <test-method is-config="true" signature="bm()[pri:0, instance:TESTNG2annotationspackageforunderstanding.Allannotationsheirarchy@6c1a5b54]" started-at="2025-02-28T18:38:19 IST" name="bm" finished-at="2025-02-28T18:38:19 IST" duration-ms="1" status="PASS">
          <reporter-output>
          </reporter-output>
        </test-method> <!-- bm -->
        <test-method signature="test2()[pri:1, instance:TESTNG2annotationspackageforunderstanding.Allannotationsheirarchy@6c1a5b54]" started-at="2025-02-28T18:38:19 IST" name="test2" finished-at="2025-02-28T18:38:20 IST" duration-ms="64" status="PASS">
          <reporter-output>
          </reporter-output>
        </test-method> <!-- test2 -->
        <test-method is-config="true" signature="am()[pri:0, instance:TESTNG2annotationspackageforunderstanding.Allannotationsheirarchy@6c1a5b54]" started-at="2025-02-28T18:38:20 IST" name="am" finished-at="2025-02-28T18:38:20 IST" duration-ms="2" status="PASS">
          <reporter-output>
          </reporter-output>
        </test-method> <!-- am -->
        <test-method is-config="true" signature="bm()[pri:0, instance:TESTNG2annotationspackageforunderstanding.Allannotationsheirarchy@6c1a5b54]" started-at="2025-02-28T18:38:20 IST" name="bm" finished-at="2025-02-28T18:38:20 IST" duration-ms="1" status="PASS">
          <reporter-output>
          </reporter-output>
        </test-method> <!-- bm -->
        <test-method signature="test1()[pri:2, instance:TESTNG2annotationspackageforunderstanding.Allannotationsheirarchy@6c1a5b54]" started-at="2025-02-28T18:38:20 IST" name="test1" finished-at="2025-02-28T18:38:20 IST" duration-ms="2" status="PASS">
          <reporter-output>
          </reporter-output>
        </test-method> <!-- test1 -->
        <test-method is-config="true" signature="am()[pri:0, instance:TESTNG2annotationspackageforunderstanding.Allannotationsheirarchy@6c1a5b54]" started-at="2025-02-28T18:38:20 IST" name="am" finished-at="2025-02-28T18:38:20 IST" duration-ms="1" status="PASS">
          <reporter-output>
          </reporter-output>
        </test-method> <!-- am -->
        <test-method is-config="true" signature="ac()[pri:0, instance:TESTNG2annotationspackageforunderstanding.Allannotationsheirarchy@6c1a5b54]" started-at="2025-02-28T18:38:20 IST" name="ac" finished-at="2025-02-28T18:38:20 IST" duration-ms="1" status="PASS">
          <reporter-output>
          </reporter-output>
        </test-method> <!-- ac -->
        <test-method is-config="true" signature="At()[pri:0, instance:TESTNG2annotationspackageforunderstanding.Allannotationsheirarchy@6c1a5b54]" started-at="2025-02-28T18:38:20 IST" name="At" finished-at="2025-02-28T18:38:20 IST" duration-ms="1" status="PASS">
          <reporter-output>
          </reporter-output>
        </test-method> <!-- At -->
        <test-method is-config="true" signature="as()[pri:0, instance:TESTNG2annotationspackageforunderstanding.Allannotationsheirarchy@6c1a5b54]" started-at="2025-02-28T18:38:20 IST" name="as" finished-at="2025-02-28T18:38:20 IST" duration-ms="2" status="PASS">
          <reporter-output>
          </reporter-output>
        </test-method> <!-- as -->
      </class> <!-- TESTNG2annotationspackageforunderstanding.Allannotationsheirarchy -->
    </test> <!-- C:/Users/MMK-USER/IdeaProjects/SeleniumOnes/src/test/java/TESTNG2annotationspackageforunderstanding/Allannotationsheirarchy.java -->
  </suite> <!-- All Test Suite -->
</testng-results>
